<?xml version="1.0" encoding="UTF-8"?>
<robot generator="Robot 7.0.1 (Python 3.12.4 on darwin)" generated="2025-05-08T15:43:49.952725" rpa="false" schemaversion="5">
<suite id="s1" name="Test" source="/Users/admin/pat_project/automation-exercise/test_cases/test.robot">
<test id="s1-t1" name="Register User" line="14">
<kw name="Open Automation Exercise Website" owner="login_keyword">
<if>
<branch type="IF" condition="${DEBUG_MODE}">
<kw name="Open Browser" owner="SeleniumLibrary">
<msg time="2025-05-08T15:43:50.058383" level="INFO">Opening browser 'chrome' to base url 'https://automationexercise.com'.</msg>
<arg>url=${BASE_URL}</arg>
<arg>browser=${BROWSER}</arg>
<arg>options=add_experimental_option("detach", True);add_experimental_option("excludeSwitches", ["enable-logging"])</arg>
<doc>Opens a new browser instance to the optional ``url``.</doc>
<status status="PASS" start="2025-05-08T15:43:50.058188" elapsed="2.560411"/>
</kw>
<status status="PASS" start="2025-05-08T15:43:50.057917" elapsed="2.563498"/>
</branch>
<branch type="ELSE">
<kw name="Open Browser" owner="SeleniumLibrary">
<arg>url=${BASE_URL}</arg>
<arg>browser=${BROWSER}</arg>
<arg>options=add_argument("--headless=new");add_experimental_option("excludeSwitches", ["enable-logging"])</arg>
<doc>Opens a new browser instance to the optional ``url``.</doc>
<status status="NOT RUN" start="2025-05-08T15:43:52.623802" elapsed="0.000092"/>
</kw>
<status status="NOT RUN" start="2025-05-08T15:43:52.622145" elapsed="0.001896"/>
</branch>
<status status="PASS" start="2025-05-08T15:43:50.057905" elapsed="2.566217"/>
</if>
<status status="PASS" start="2025-05-08T15:43:50.057789" elapsed="2.566529"/>
</kw>
<kw name="Register New User" owner="register_keyword">
<kw name="Go to Signup / Login Menu" owner="menu_keyword">
<kw name="Wait Until Element Is Visible" owner="SeleniumLibrary">
<arg>xpath://a[contains(., "Signup / Login")]</arg>
<arg>10s</arg>
<doc>Waits until the element ``locator`` is visible.</doc>
<status status="PASS" start="2025-05-08T15:43:52.626604" elapsed="1.805469"/>
</kw>
<kw name="Click Element" owner="SeleniumLibrary">
<msg time="2025-05-08T15:43:54.432388" level="INFO">Clicking element 'xpath://a[contains(., "Signup / Login")]'.</msg>
<arg>xpath://a[contains(., "Signup / Login")]</arg>
<doc>Click the element identified by ``locator``.</doc>
<status status="PASS" start="2025-05-08T15:43:54.432234" elapsed="0.711581"/>
</kw>
<kw name="Wait Until Element Is Visible" owner="SeleniumLibrary">
<arg>xpath://h2[contains(text(), "Login to your account")]</arg>
<arg>10s</arg>
<doc>Waits until the element ``locator`` is visible.</doc>
<status status="PASS" start="2025-05-08T15:43:55.144015" elapsed="0.015987"/>
</kw>
<kw name="Element Should Be Visible" owner="SeleniumLibrary">
<msg time="2025-05-08T15:43:55.167066" level="INFO">Element 'xpath://h2[contains(text(), "Login to your account")]' is displayed.</msg>
<arg>xpath://h2[contains(text(), "Login to your account")]</arg>
<doc>Verifies that the element identified by ``locator`` is visible.</doc>
<status status="PASS" start="2025-05-08T15:43:55.160133" elapsed="0.006974"/>
</kw>
<kw name="Wait Until Element Is Visible" owner="SeleniumLibrary">
<arg>xpath://h2[contains(text(), "New User Signup!")]</arg>
<arg>10s</arg>
<doc>Waits until the element ``locator`` is visible.</doc>
<status status="PASS" start="2025-05-08T15:43:55.167192" elapsed="0.008288"/>
</kw>
<kw name="Element Should Be Visible" owner="SeleniumLibrary">
<msg time="2025-05-08T15:43:55.181312" level="INFO">Element 'xpath://h2[contains(text(), "New User Signup!")]' is displayed.</msg>
<arg>xpath://h2[contains(text(), "New User Signup!")]</arg>
<doc>Verifies that the element identified by ``locator`` is visible.</doc>
<status status="PASS" start="2025-05-08T15:43:55.175566" elapsed="0.005779"/>
</kw>
<status status="PASS" start="2025-05-08T15:43:52.626105" elapsed="2.555308"/>
</kw>
<kw name="Wait Until Element Is Visible" owner="SeleniumLibrary">
<arg>xpath://input[@data-qa="signup-name"]</arg>
<arg>10s</arg>
<doc>Waits until the element ``locator`` is visible.</doc>
<status status="PASS" start="2025-05-08T15:43:55.181479" elapsed="0.007518"/>
</kw>
<kw name="Fill In First Name And Email" owner="register_keyword">
<kw name="Generate Random String" owner="String">
<msg time="2025-05-08T15:43:55.189433" level="INFO">${rand} = jWLkeI</msg>
<var>${rand}</var>
<arg>6</arg>
<arg>[LETTERS]</arg>
<doc>Generates a string with a desired ``length`` from the given ``chars``.</doc>
<status status="PASS" start="2025-05-08T15:43:55.189271" elapsed="0.000175"/>
</kw>
<kw name="Set Variable" owner="BuiltIn">
<msg time="2025-05-08T15:43:55.189619" level="INFO">${firstName} = TS-jWLkeI</msg>
<var>${firstName}</var>
<arg>${firstName}-${rand}</arg>
<doc>Returns the given values which can then be assigned to a variables.</doc>
<status status="PASS" start="2025-05-08T15:43:55.189515" elapsed="0.000115"/>
</kw>
<kw name="Convert To Upper Case" owner="String">
<msg time="2025-05-08T15:43:55.189881" level="INFO">${firstName} = TS-JWLKEI</msg>
<var>${firstName}</var>
<arg>${firstName}</arg>
<doc>Converts string to upper case.</doc>
<status status="PASS" start="2025-05-08T15:43:55.189675" elapsed="0.000217"/>
</kw>
<kw name="Set Variable" owner="BuiltIn">
<msg time="2025-05-08T15:43:55.190245" level="INFO">${email} = ts-jwlkei@example.com</msg>
<var>${email}</var>
<arg>${firstName.lower()}@example.com</arg>
<doc>Returns the given values which can then be assigned to a variables.</doc>
<status status="PASS" start="2025-05-08T15:43:55.189940" elapsed="0.000316"/>
</kw>
<kw name="Press Keys" owner="SeleniumLibrary">
<msg time="2025-05-08T15:43:55.190506" level="INFO">Sending key(s) ('TS-JWLKEI',) to xpath://input[@data-qa="signup-name"] element.</msg>
<msg time="2025-05-08T15:43:55.499953" level="INFO">Sending keys TS-JWLKEI</msg>
<arg>xpath://input[@data-qa="signup-name"]</arg>
<arg>${firstName}</arg>
<doc>Simulates the user pressing key(s) to an element or on the active browser.</doc>
<status status="PASS" start="2025-05-08T15:43:55.190309" elapsed="0.372603"/>
</kw>
<kw name="Press Keys" owner="SeleniumLibrary">
<msg time="2025-05-08T15:43:55.563496" level="INFO">Sending key(s) ('ts-jwlkei@example.com',) to xpath://input[@data-qa="signup-email"] element.</msg>
<msg time="2025-05-08T15:43:55.850210" level="INFO">Sending keys ts-jwlkei@example.com</msg>
<arg>xpath://input[@data-qa="signup-email"]</arg>
<arg>${email}</arg>
<doc>Simulates the user pressing key(s) to an element or on the active browser.</doc>
<status status="PASS" start="2025-05-08T15:43:55.563027" elapsed="0.302544"/>
</kw>
<return>
<value>${email}</value>
<status status="PASS" start="2025-05-08T15:43:55.865636" elapsed="0.000058"/>
</return>
<msg time="2025-05-08T15:43:55.865781" level="INFO">${randName} = ts-jwlkei@example.com</msg>
<var>${randName}</var>
<arg>${firstName}</arg>
<status status="PASS" start="2025-05-08T15:43:55.189113" elapsed="0.676679"/>
</kw>
<arg>firstName=TS</arg>
<status status="PASS" start="2025-05-08T15:43:52.625154" elapsed="3.240666"/>
</kw>
<status status="PASS" start="2025-05-08T15:43:50.057561" elapsed="5.808354"/>
</test>
<status status="PASS" start="2025-05-08T15:43:49.953456" elapsed="5.912702"/>
</suite>
<statistics>
<total>
<stat pass="1" fail="0" skip="0">All Tests</stat>
</total>
<tag>
</tag>
<suite>
<stat pass="1" fail="0" skip="0" id="s1" name="Test">Test</stat>
</suite>
</statistics>
<errors>
<msg time="2025-05-08T15:43:49.950978" level="WARN">Error in file '/Users/admin/pat_project/automation-exercise/test_cases/test.robot' on line 13: Singular section headers like '*** Test case ***' are deprecated. Use plural format like '*** Test Cases ***' instead.</msg>
</errors>
</robot>
